<?xml version="1.0" encoding="UTF-8"?>
<!-- Generated by org.testng.reporters.JUnitXMLReporter -->
<testsuite hostname="ind126.local" ignored="0" name="Login Test" tests="1" failures="1" timestamp="23 Mar 2018 10:42:34 GMT" time="3.335" errors="0">
  <testcase name="LginTest" time="3.02" classname="TestCases.ios.LoginTest">
    <failure type="java.lang.NullPointerException">
      <![CDATA[java.lang.NullPointerException
at Screens.ios.GetStartedScreen.goToLoginScreen(GetStartedScreen.java:48)
at TestCases.ios.LoginTest.LginTest(LoginTest.java:33)
... Removed 25 stack frames]]>
    </failure>
  </testcase> <!-- LginTest -->
</testsuite> <!-- Login Test -->
