<?xml version="1.0" encoding="UTF-8"?>
<!-- Generated by org.testng.reporters.JUnitXMLReporter -->
<testsuite hostname="ind126.local" ignored="0" name="Login Test" tests="3" failures="2" timestamp="05 Apr 2018 07:30:05 GMT" time="67.066" errors="0">
  <testcase name="Openapp" time="14.802" classname="TestCases.ios.LoginTest"/>
  <testcase name="GetLogout" time="48.068" classname="TestCases.ios.LoginTest">
    <failure type="org.openqa.selenium.WebDriverException" message="Error Domain=com.facebook.WebDriverAgent Code=1 &amp;quot;The element &amp;apos;&amp;quot;Log Out&amp;quot; StaticText&amp;apos; is not visible on the screen and thus is not interactable&amp;quot; UserInfo={NSLocalizedDescription=The element &amp;apos;&amp;quot;Log Out&amp;quot; StaticText&amp;apos; is not visible on the screen and thus is not interactable}
Command duration or timeout: 1.78 seconds
Build info: version: &amp;apos;2.53.1&amp;apos;, revision: &amp;apos;a36b8b1cd5757287168e54b817830adce9b0158d&amp;apos;, time: &amp;apos;2016-06-30 19:26:09&amp;apos;
System info: host: &amp;apos;ind126.local&amp;apos;, ip: &amp;apos;10.2.6.73&amp;apos;, os.name: &amp;apos;Mac OS X&amp;apos;, os.arch: &amp;apos;x86_64&amp;apos;, os.version: &amp;apos;10.11.6&amp;apos;, java.version: &amp;apos;1.8.0_161&amp;apos;
Driver info: io.appium.java_client.ios.IOSDriver
Capabilities [{app=com.indianic.quickee, networkConnectionEnabled=false, databaseEnabled=false, deviceName=iPhone 6, platform=MAC, platformVersion=10.2, webStorageEnabled=false, locationContextEnabled=false, automationName=Appium, browserName=null, takesScreenshot=true, javascriptEnabled=true, platformName=iOS, udid=F6D07A27-D000-4DA6-A3BF-71B1D8288CE5}]
Session ID: a86a1280-8763-4cf0-b067-a15a0a24bfc3">
      <![CDATA[org.openqa.selenium.WebDriverException: Error Domain=com.facebook.WebDriverAgent Code=1 "The element '"Log Out" StaticText' is not visible on the screen and thus is not interactable" UserInfo={NSLocalizedDescription=The element '"Log Out" StaticText' is not visible on the screen and thus is not interactable}
Command duration or timeout: 1.78 seconds
Build info: version: '2.53.1', revision: 'a36b8b1cd5757287168e54b817830adce9b0158d', time: '2016-06-30 19:26:09'
System info: host: 'ind126.local', ip: '10.2.6.73', os.name: 'Mac OS X', os.arch: 'x86_64', os.version: '10.11.6', java.version: '1.8.0_161'
Driver info: io.appium.java_client.ios.IOSDriver
Capabilities [{app=com.indianic.quickee, networkConnectionEnabled=false, databaseEnabled=false, deviceName=iPhone 6, platform=MAC, platformVersion=10.2, webStorageEnabled=false, locationContextEnabled=false, automationName=Appium, browserName=null, takesScreenshot=true, javascriptEnabled=true, platformName=iOS, udid=F6D07A27-D000-4DA6-A3BF-71B1D8288CE5}]
Session ID: a86a1280-8763-4cf0-b067-a15a0a24bfc3
at org.openqa.selenium.remote.ErrorHandler.createThrowable(ErrorHandler.java:206)
at org.openqa.selenium.remote.ErrorHandler.throwIfResponseFailed(ErrorHandler.java:158)
at org.openqa.selenium.remote.RemoteWebDriver.execute(RemoteWebDriver.java:678)
at io.appium.java_client.DefaultGenericMobileDriver.execute(DefaultGenericMobileDriver.java:40)
at io.appium.java_client.AppiumDriver.execute(AppiumDriver.java:1)
at io.appium.java_client.ios.IOSDriver.execute(IOSDriver.java:1)
at org.openqa.selenium.remote.RemoteWebElement.execute(RemoteWebElement.java:327)
at io.appium.java_client.DefaultGenericMobileElement.execute(DefaultGenericMobileElement.java:33)
at io.appium.java_client.MobileElement.execute(MobileElement.java:1)
at io.appium.java_client.ios.IOSElement.execute(IOSElement.java:1)
at org.openqa.selenium.remote.RemoteWebElement.click(RemoteWebElement.java:85)
at TestCases.ios.LoginTest.GetLogout(LoginTest.java:60)
... Removed 29 stack frames]]>
    </failure>
  </testcase> <!-- GetLogout -->
  <testcase name="RecoverYourPassword" time="2.537" classname="TestCases.ios.LoginTest">
    <failure type="org.openqa.selenium.NoSuchElementException" message="Can&amp;apos;t locate an element by this strategy: Locator map: 
- native content: &amp;quot;By.id: Login&amp;quot; 
- html content: &amp;quot;by id or name &amp;quot;login&amp;quot;&amp;quot;
For documentation on this error, please visit: http://seleniumhq.org/exceptions/no_such_element.html
Build info: version: &amp;apos;2.53.1&amp;apos;, revision: &amp;apos;a36b8b1cd5757287168e54b817830adce9b0158d&amp;apos;, time: &amp;apos;2016-06-30 19:26:09&amp;apos;
System info: host: &amp;apos;ind126.local&amp;apos;, ip: &amp;apos;10.2.6.73&amp;apos;, os.name: &amp;apos;Mac OS X&amp;apos;, os.arch: &amp;apos;x86_64&amp;apos;, os.version: &amp;apos;10.11.6&amp;apos;, java.version: &amp;apos;1.8.0_161&amp;apos;
Driver info: driver.version: unknown">
      <![CDATA[org.openqa.selenium.NoSuchElementException: Can't locate an element by this strategy: Locator map: 
- native content: "By.id: Login" 
- html content: "by id or name "login""
For documentation on this error, please visit: http://seleniumhq.org/exceptions/no_such_element.html
Build info: version: '2.53.1', revision: 'a36b8b1cd5757287168e54b817830adce9b0158d', time: '2016-06-30 19:26:09'
System info: host: 'ind126.local', ip: '10.2.6.73', os.name: 'Mac OS X', os.arch: 'x86_64', os.version: '10.11.6', java.version: '1.8.0_161'
Driver info: driver.version: unknown
at io.appium.java_client.pagefactory.AppiumElementLocator.findElement(AppiumElementLocator.java:110)
at io.appium.java_client.pagefactory.interceptors.InterceptorOfASingleElement.intercept(InterceptorOfASingleElement.java:57)
at io.appium.java_client.ios.IOSElement$$EnhancerByCGLIB$$184e91dc.click(<generated>)
at Screens.ios.GetStartedScreen.goToLoginScreen(GetStartedScreen.java:45)
at TestCases.ios.LoginTest.RecoverYourPassword(LoginTest.java:84)
... Removed 25 stack frames]]>
    </failure>
  </testcase> <!-- RecoverYourPassword -->
</testsuite> <!-- Login Test -->
